#separator \x09
#set_separator	,
#empty_field	(empty)
#unset_field	-
#path	conn
#open	2020-12-11-11-53-14
#fields	ts	uid	id.orig_h	id.orig_p	id.resp_h	id.resp_p	proto	service	duration	orig_bytes	resp_bytes	conn_state	local_orig	local_resp	missed_bytes	history	orig_pkts	orig_ip_bytes	resp_pkts	resp_ip_bytes	tunnel_parents
#types	time	string	addr	port	addr	port	enum	string	interval	count	count	string	bool	bool	count	string	count	count	count	count	set[string]
1595853622.865067	C8BzqfkUoISFwKao9	2001:718:2:1663::1ce	50976	2001:718:2:1663:2d1c:6afd:7fc2:31f8	902	tcp	-	73.363522	2516	6060	SF	-	-	0	DdAaFf	160	14036	96	12972	-
1595853856.931187	CksTnzONbQWOcOIK1	2001:718:2:1663::1ce	50978	2001:718:2:1663:2d1c:6afd:7fc2:31f8	902	tcp	ssh	8.675009	2881	2575	SF	-	-	0	ShADadFf	21	4401	22	4167	-
1595853862.139405	CNe38s4VdCwV8TNTZ6	fe80::5bcc:698e:39d5:cdf	135	2001:718:2:1663:2d1c:6afd:7fc2:31f8	136	icmp	-	0.000164	24	16	OTH	-	-	0	-	1	72	1	64	-
1595853981.960501	CC8Rrd2H1rhzdCXb9h	2001:718:2:1663::1ce	50982	2001:718:2:1663:2d1c:6afd:7fc2:31f8	902	tcp	-	-	-	-	S0	-	-	0	S	1	80	0	0	-
1595853907.944281	CPFGTl3JXjVIkgfVWj	2001:718:2:1663:2d1c:6afd:7fc2:31f8	1	2001:718:2:1663::1ce	4	icmp	-	104.231975	3252	0	OTH	-	-	0	-	23	4356	0	0	-
1595853935.867378	CRrDxq4W4LQEPYZ6qg	fe80::5bcc:698e:39d5:cdf	135	2001:718:2:1663:2d1c:6afd:7fc2:31f8	136	icmp	-	81.408108	96	64	OTH	-	-	0	-	4	288	4	256	-
1595853891.415411	CMK66u4MdJVidwAYF3	2001:718:2:1663::1ce	50980	2001:718:2:1663:2d1c:6afd:7fc2:31f8	902	tcp	ssh	120.760689	1989	1775	SF	-	-	0	ShADadFf	35	5957	24	3979	-
1595860332.384231	CBRBOw2zEDinP7IXJb	2001:718:2:1663::1ce	50986	2001:718:2:1663:2d1c:6afd:7fc2:31f8	902	tcp	ssh	15.415260	4317	4375	SF	-	-	0	ShADadFf	46	7637	37	7047	-
1595860356.406036	CQLvH84VckEJCuhlkh	2001:718:2:1663::1ce	50988	2001:718:2:1663:2d1c:6afd:7fc2:31f8	902	tcp	ssh	5.740441	4045	4087	SF	-	-	0	ShADadFf	34	6501	31	6327	-
1595860373.054974	C7bjQh3kVXx7GYvFS8	2001:718:2:1663::1ce	50990	2001:718:2:1663:2d1c:6afd:7fc2:31f8	902	tcp	ssh	0.690766	3761	297323	SF	-	-	0	ShADadFf	127	12913	228	313747	-
1595890801.039085	CHy0p32UAfraJAg5T9	2001:718:2:1663::1ce	51002	2001:718:2:1663:2d1c:6afd:7fc2:31f8	902	tcp	ssh	0.629137	3593	3051	SF	-	-	0	ShADadFf	21	5113	22	4643	-
1595926107.537589	CTYg4c4c8ixCZBkSDf	2001:718:2:1663:2d1c:6afd:7fc2:31f8	136	2001:718:2:1663:b9ba:ebef:6dd6:b474	135	icmp	-	-	-	-	OTH	-	-	0	-	1	72	0	0	-
1595926107.538012	CiBGLy1ulfUPrBbJel	2001:718:2:1663:b9ba:ebef:6dd6:b474	60338	2001:718:2:1663:2d1c:6afd:7fc2:31f8	902	tcp	ssh	1071.898479	34629	160583	SF	-	-	0	ShADadFf	2487	213701	1975	302791	-
1595927518.378937	CnjUm34VqeqvIuRD4e	2001:718:2:1663:b9ba:ebef:6dd6:b474	32948	2001:718:2:1663:2d1c:6afd:7fc2:31f8	902	tcp	ssh	36.470427	4185	7219	SF	-	-	0	ShADadFf	76	9665	59	11475	-
1595927518.378632	C2sM3F5qOhkWcvY6b	2001:718:2:1663:2d1c:6afd:7fc2:31f8	136	2001:718:2:1663:b9ba:ebef:6dd6:b474	135	icmp	-	-	-	-	OTH	-	-	0	-	1	72	0	0	-
1595930815.904625	CM64Nk3ZmKb0RTSEo9	2001:718:2:1663:2d1c:6afd:7fc2:31f8	136	2001:718:2:1663:b9ba:ebef:6dd6:b474	135	icmp	-	-	-	-	OTH	-	-	0	-	1	72	0	0	-
1595930815.904937	CAQ8st4ALgGH2P3IMg	2001:718:2:1663:b9ba:ebef:6dd6:b474	35992	2001:718:2:1663:2d1c:6afd:7fc2:31f8	902	tcp	ssh	134.296601	16357	45795	SF	-	-	0	ShADadFf	854	77853	780	101963	-
1595932389.221995	CL7HGz4Qp6Vwif7Ive	2001:718:2:1663:b9ba:ebef:6dd6:b474	36732	2001:718:2:1663:2d1c:6afd:7fc2:31f8	902	tcp	ssh	363.130757	39021	115767	SF	-	-	0	ShADadFf	2049	186557	1882	251279	-
#close	2020-12-11-11-53-14
